Arguments: 
  C:\Program Files\nodejs\node.exe C:\Users\shakt\AppData\Roaming\npm\node_modules\yarn\bin\yarn.js add @materui/core

PATH: 
  C:\WINDOWS\system32;C:\WINDOWS;C:\WINDOWS\System32\Wbem;C:\WINDOWS\System32\WindowsPowerShell\v1.0\;C:\WINDOWS\System32\OpenSSH\;C:\Program Files\Git\cmd;C:\Program Files (x86)\Tesseract-OCR;C:\src\flutter\bin\cache\dart-sdk\bin;C:\Program Files\Go\bin;C:\ProgramData\chocolatey\bin;C:\Program Files\nodejs\;C:\Program Files\MongoDB\Server\4.4\bin;C:\mongosh-1.0.1-win32-x64\bin;C:\Users\shakt\AppData\.meteor;C:\Users\shakt\AppData\Local\.meteor;C:\Users\shakt\AppData\Local\Programs\Python\Python38\Scripts\;C:\Users\shakt\AppData\Local\Programs\Python\Python38\;C:\Users\shakt\AppData\Local\Microsoft\WindowsApps;C:\Program Files\JetBrains\PyCharm 2020.3.4\bin;C:\Users\shakt\AppData\Local\Programs\Microsoft VS Code\bin;C:\Program Files\cockroach-v20.2.5.windows-6.2-amd64;C:\src\flutter\bin\;C:\Users\shakt\go\bin;C:\Users\shakt\AppData\Roaming\npm;C:\Program Files\New Relic\New Relic CLI\;C:\Program Files\heroku\bin

Yarn version: 
  1.22.11

Node version: 
  14.16.1

Platform: 
  win32 x64

Trace: 
  Error: https://registry.npmjs.org/@materui%2fcore: Not found
      at Request.params.callback [as _callback] (C:\Users\shakt\AppData\Roaming\npm\node_modules\yarn\lib\cli.js:66992:18)
      at Request.self.callback (C:\Users\shakt\AppData\Roaming\npm\node_modules\yarn\lib\cli.js:140763:22)
      at Request.emit (events.js:315:20)
      at Request.<anonymous> (C:\Users\shakt\AppData\Roaming\npm\node_modules\yarn\lib\cli.js:141735:10)
      at Request.emit (events.js:315:20)
      at IncomingMessage.<anonymous> (C:\Users\shakt\AppData\Roaming\npm\node_modules\yarn\lib\cli.js:141657:12)
      at Object.onceWrapper (events.js:421:28)
      at IncomingMessage.emit (events.js:327:22)
      at endReadableNT (internal/streams/readable.js:1327:12)
      at processTicksAndRejections (internal/process/task_queues.js:80:21)

npm manifest: 
  {
    "name": "chatApp",
    "private": true,
    "scripts": {
      "start": "meteor run",
      "test": "meteor test --once --driver-package meteortesting:mocha",
      "test-app": "TEST_WATCH=1 meteor test --full-app --driver-package meteortesting:mocha",
      "visualize": "meteor --production --extra-packages bundle-visualizer"
    },
    "dependencies": {
      "@babel/runtime": "^7.14.6",
      "meteor-node-stubs": "^1.0.3",
      "react": "^17.0.2",
      "react-dom": "^17.0.2"
    },
    "meteor": {
      "mainModule": {
        "client": "client/main.jsx",
        "server": "server/main.js"
      },
      "testModule": "tests/main.js"
    }
  }

yarn manifest: 
  No manifest

Lockfile: 
  No lockfile
